<?xml version="1.0" encoding="UTF-8"?>
<!-- Generated by org.testng.reporters.JUnitReportReporter -->
<testsuite skipped="0" hostname="Jaivir-Macbook.local" name="com.crowdFireHomePageTest.HomePageTest" tests="3" failures="0" timestamp="17 Jul 2017 10:06:49 GMT" time="19.758" errors="0">
  <testcase name="testSearch" time="4.784" classname="com.crowdFireHomePageTest.HomePageTest"/>
  <testcase name="testFavoriteButton" time="7.199" classname="com.crowdFireHomePageTest.HomePageTest"/>
  <testcase name="testPluseButton" time="7.775" classname="com.crowdFireHomePageTest.HomePageTest"/>
</testsuite> <!-- com.crowdFireHomePageTest.HomePageTest -->
